<?xml version="1.0" encoding="UTF-8"?>
<!-- Generated by org.testng.reporters.JUnitReportReporter -->
<testsuite hostname="LAPTOP-HHQGGICM" failures="0" tests="4" name="com.vtiger.framework.Lead.LeadWithCompany" time="85.423" errors="0" timestamp="2026-04-09T09:24:49 IST" skipped="0">
  <testcase classname="com.vtiger.framework.Lead.LeadWithCompany" name="leadwithSource" time="20.517"/>
  <testcase classname="com.vtiger.framework.Lead.LeadWithCompany" name="leadwithSource" time="19.012"/>
  <testcase classname="com.vtiger.framework.Lead.LeadWithCompany" name="leadsWithCompany" time="23.042"/>
  <testcase classname="com.vtiger.framework.Lead.LeadWithCompany" name="leadsWithCompany" time="22.852"/>
</testsuite> <!-- com.vtiger.framework.Lead.LeadWithCompany -->
