<?xml version="1.0" encoding="UTF-8"?>
<!-- Generated by org.testng.reporters.JUnitXMLReporter -->
<testsuite ignored="0" hostname="LAPTOP-HHQGGICM" failures="0" tests="2" name="TestRunner-1" time="53.008" errors="0" timestamp="2026-04-08T18:18:45 IST">
  <testcase classname="com.vtiger.framework.Lead.LeadWithCompany" name="leadsWithCompany" time="14.107"/>
  <testcase classname="com.vtiger.framework.Lead.LeadWithCompany" name="leadwithSource" time="17.082"/>
</testsuite> <!-- TestRunner-1 -->
