<?xml version="1.0" encoding="UTF-8"?>
<!-- Generated by org.testng.reporters.JUnitXMLReporter -->
<testsuite ignored="2" hostname="LAPTOP-HHQGGICM" failures="0" tests="4" name="TestRunnerEdge" time="83.954" errors="0" timestamp="2026-04-09T09:24:49 IST">
  <testcase classname="com.vtiger.framework.Lead.LeadWithCompany" name="leadsWithCompany" time="15.551"/>
  <testcase classname="com.vtiger.framework.Lead.LeadWithCompany" name="leadwithSource" time="13.858"/>
  <testcase classname="com.vtiger.framework.Product.ProdctName" name="productWithProName" time="14.737"/>
  <testcase classname="com.vtiger.framework.Product.ProdctName" name="productWithvendorName" time="11.011"/>
  <testcase classname="baseClass_Implementation.BaseClass" name="@BeforeSuite configBS" time="0.0">
    <ignored/>
  </testcase> <!-- @BeforeSuite configBS -->
  <testcase classname="baseClass_Implementation.BaseClass" name="@AfterSuite configAS" time="0.0">
    <ignored/>
  </testcase> <!-- @AfterSuite configAS -->
</testsuite> <!-- TestRunnerEdge -->
