<?xml version="1.0" encoding="UTF-8"?>
<!-- Generated by org.testng.reporters.JUnitXMLReporter -->
<testsuite ignored="0" hostname="LAPTOP-HHQGGICM" failures="0" tests="2" name="TestRunner-2" time="51.606" errors="0" timestamp="2026-04-08T18:18:44 IST">
  <testcase classname="com.vtiger.framework.Product.ProdctName" name="productWithProName" time="13.902"/>
  <testcase classname="com.vtiger.framework.Product.ProdctName" name="productWithvendorName" time="15.718"/>
</testsuite> <!-- TestRunner-2 -->
