<?xml version="1.0" encoding="UTF-8"?>
<!-- Generated by org.testng.reporters.JUnitXMLReporter -->
<testsuite ignored="2" hostname="LAPTOP-HHQGGICM" failures="0" tests="4" name="TestRunnerBrowser(failed)" time="0.225" errors="0" timestamp="2026-04-08T18:44:31 IST">
  <testcase classname="com.vtiger.framework.Product.ProdctName" name="productWithvendorName" time="0.0">
    <skipped/>
  </testcase> <!-- productWithvendorName -->
  <testcase classname="com.vtiger.framework.Product.ProdctName" name="productWithProName" time="0.0">
    <skipped/>
  </testcase> <!-- productWithProName -->
  <testcase classname="com.vtiger.framework.Lead.LeadWithCompany" name="leadsWithCompany" time="0.0">
    <skipped/>
  </testcase> <!-- leadsWithCompany -->
  <testcase classname="com.vtiger.framework.Lead.LeadWithCompany" name="leadwithSource" time="0.0">
    <skipped/>
  </testcase> <!-- leadwithSource -->
  <testcase classname="baseClass_Implementation.BaseClass" name="@AfterSuite configAS" time="0.0">
    <ignored/>
  </testcase> <!-- @AfterSuite configAS -->
  <testcase classname="baseClass_Implementation.BaseClass" name="@BeforeSuite configBS" time="0.0">
    <ignored/>
  </testcase> <!-- @BeforeSuite configBS -->
</testsuite> <!-- TestRunnerBrowser(failed) -->
